<?xml version="1.0" encoding="UTF-8"?>
<!-- Generated by org.testng.reporters.JUnitXMLReporter -->
<testsuite hostname="DESKTOP-V006KQA" failures="0" tests="6" name="Test" time="0.034" errors="0" timestamp="23 Aug 2022 10:28:54 GMT">
  <testcase classname="mavengroup.Mavenjava.SeleniumTest" name="login" time="0.013"/>
  <testcase classname="mavengroup.Mavenjava.SeleniumTest" name="logout" time="0.001"/>
  <testcase classname="mavengroup.Mavenjava.AppiumTest" name="login" time="0.001"/>
  <testcase classname="mavengroup.Mavenjava.AppiumTest" name="logout" time="0.001"/>
  <testcase classname="mavengroup.Mavenjava.RestAPITest" name="login" time="0.0"/>
  <testcase classname="mavengroup.Mavenjava.RestAPITest" name="logout" time="0.001"/>
</testsuite> <!-- Test -->
