<?xml version="1.0" encoding="UTF-8"?>
<testng-results total="6" passed="6" failed="0" skipped="0">
  <reporter-output>
  </reporter-output>
  <suite started-at="2022-08-23T10:28:53Z" name="Suite" finished-at="2022-08-23T10:28:53Z" duration-ms="34">
    <groups>
    </groups>
    <test started-at="2022-08-23T10:28:53Z" name="Test" finished-at="2022-08-23T10:28:53Z" duration-ms="34">
      <class name="mavengroup.Mavenjava.SeleniumTest">
        <test-method signature="login()[pri:0, instance:mavengroup.Mavenjava.SeleniumTest@71075444]" started-at="2022-08-23T15:58:53Z" name="login" finished-at="2022-08-23T15:58:53Z" duration-ms="13" status="PASS">
          <reporter-output>
          </reporter-output>
        </test-method> <!-- login -->
        <test-method signature="logout()[pri:0, instance:mavengroup.Mavenjava.SeleniumTest@71075444]" started-at="2022-08-23T15:58:53Z" name="logout" finished-at="2022-08-23T15:58:53Z" duration-ms="1" status="PASS">
          <reporter-output>
          </reporter-output>
        </test-method> <!-- logout -->
      </class> <!-- mavengroup.Mavenjava.SeleniumTest -->
      <class name="mavengroup.Mavenjava.AppiumTest">
        <test-method signature="login()[pri:0, instance:mavengroup.Mavenjava.AppiumTest@6f53b8a]" started-at="2022-08-23T15:58:53Z" name="login" finished-at="2022-08-23T15:58:53Z" duration-ms="1" status="PASS">
          <reporter-output>
          </reporter-output>
        </test-method> <!-- login -->
        <test-method signature="logout()[pri:0, instance:mavengroup.Mavenjava.AppiumTest@6f53b8a]" started-at="2022-08-23T15:58:53Z" name="logout" finished-at="2022-08-23T15:58:53Z" duration-ms="1" status="PASS">
          <reporter-output>
          </reporter-output>
        </test-method> <!-- logout -->
      </class> <!-- mavengroup.Mavenjava.AppiumTest -->
      <class name="mavengroup.Mavenjava.RestAPITest">
        <test-method signature="login()[pri:0, instance:mavengroup.Mavenjava.RestAPITest@5c80cf32]" started-at="2022-08-23T15:58:53Z" name="login" finished-at="2022-08-23T15:58:53Z" duration-ms="0" status="PASS">
          <reporter-output>
          </reporter-output>
        </test-method> <!-- login -->
        <test-method signature="logout()[pri:0, instance:mavengroup.Mavenjava.RestAPITest@5c80cf32]" started-at="2022-08-23T15:58:53Z" name="logout" finished-at="2022-08-23T15:58:53Z" duration-ms="1" status="PASS">
          <reporter-output>
          </reporter-output>
        </test-method> <!-- logout -->
      </class> <!-- mavengroup.Mavenjava.RestAPITest -->
    </test> <!-- Test -->
  </suite> <!-- Suite -->
</testng-results>
